CONDA
raven_libraries          /home/whitsr3/miniconda3/envs/raven_libraries
Running RAVEN in "opt" mode.

Copyright 2017 Battelle Energy Alliance, LLC

Licensed under the Apache License, Version 2.0 (the "License");
you may not use this file except in compliance with the License.
You may obtain a copy of the License at

http://www.apache.org/licenses/LICENSE-2.0

Unless required by applicable law or agreed to in writing, software
distributed under the License is distributed on an "AS IS" BASIS,
WITHOUT WARRANTIES OR CONDITIONS OF ANY KIND, either express or implied.
See the License for the specific language governing permissions and
limitations under the License.
  

~~~~~~~~~~~~~~~~~~~~~~~~~~~~~~~~~~~~~~~~~~~~~~~~~~~~~~~~~~~~~~~~~~~~~~~~~~~~~~~~

      .---.        .------######       #####     ###   ###  ########  ###    ###
     /     \  __  /    --###  ###    ###  ###   ###   ###  ###       #####  ###
    / /     \(  )/    --###  ###    ###   ###  ###   ###  ######    ### ######
   //////   ' \/ `   --#######     #########  ###   ###  ###       ###  #####
  //// / // :    :   -###   ###   ###   ###    ######   ####      ###   ####
 // /   /  /`    '---###    ###  ###   ###      ###    ########  ###    ###
//          //..\\
===========UU====UU=============================================================
           '//||\\`
             ''``
    
RAVEN Python dependencies located and checked.
Loading plugin "HERON" at /mnt/c/Users/WHITSR3/source/repos/_INL_Projects/HERON
 ... successfully imported "HERON" ...
Loading plugin "ExamplePlugin" at /mnt/c/Users/WHITSR3/source/repos/_INL_Projects/raven/plugins/ExamplePlugin
 ... successfully imported "ExamplePlugin" ...
(    0.00 sec) SIMULATION               : Message         -> Global verbosity level is "debug"
(    0.01 sec) SIMULATION               : DEBUG           -> -- Reading the block: Files --
(    0.01 sec) SIMULATION               : DEBUG           -> Reading class "Input" named "input" ...
(    0.01 sec)  File                    : DEBUG           -> ------Reading Completed for:
(    0.01 sec)  File                    : DEBUG           ->        Class          : UserGenerated   from <class 'ravenframework.Files.File'>
(    0.01 sec)  File                    : DEBUG           ->        Type           : 
(    0.01 sec)  File                    : DEBUG           ->        Name           : input
(    0.01 sec)  File                    : DEBUG           ->        Initialization Parameters:
(    0.01 sec)  File                    : DEBUG           ->        Current Setting:
(    0.01 sec) SIMULATION               : DEBUG           -> -- Reading the block: Models --
(    0.01 sec) SIMULATION               : DEBUG           -> Reading class "Code" named "generic" ...
(    0.01 sec) CODE MODEL               : Message         -> not found executable none ExceptedError
(    0.01 sec) BaseType                 : DEBUG           -> ------Reading Completed for:
(    0.01 sec) BaseType                 : DEBUG           ->        Class          : GenericCode     from <class 'ravenframework.CodeInterfaceBaseClass.CodeInterfaceBase'>
(    0.01 sec) BaseType                 : DEBUG           ->        Type           : Code
(    0.01 sec) BaseType                 : DEBUG           ->        Name           : generic
(    0.01 sec) BaseType                 : DEBUG           ->        Initialization Parameters:
(    0.01 sec) BaseType                 : DEBUG           ->        Current Setting:
(    0.01 sec) CODE MODEL               : DEBUG           -> ------Reading Completed for:
(    0.01 sec) CODE MODEL               : DEBUG           ->        Class          : Code            from <class 'ravenframework.Models.Model.Model'>
(    0.01 sec) CODE MODEL               : DEBUG           ->        Type           : Code
(    0.01 sec) CODE MODEL               : DEBUG           ->        Name           : generic
(    0.01 sec) CODE MODEL               : DEBUG           ->        Initialization Parameters:
(    0.01 sec) CODE MODEL               : DEBUG           ->        subType        : GenericCode
(    0.01 sec) CODE MODEL               : DEBUG           ->        The model input variable power is filled using the framework variable : power
(    0.01 sec) CODE MODEL               : DEBUG           ->        executable     : none
(    0.01 sec) CODE MODEL               : DEBUG           ->        Current Setting:
(    0.01 sec) CODE MODEL               : DEBUG           ->        current working directory: 
(    0.01 sec) CODE MODEL               : DEBUG           ->        current output file root: 
(    0.01 sec) CODE MODEL               : DEBUG           ->        current input file: []
(    0.01 sec) CODE MODEL               : DEBUG           ->        original input file: []
(    0.01 sec) SIMULATION               : DEBUG           -> -- Reading the block: Distributions --
(    0.01 sec) DISTRIBUTIONS            : DEBUG           -> ------Reading Completed for:
(    0.01 sec) DISTRIBUTIONS            : DEBUG           ->        Class          : Uniform         from <class 'ravenframework.Distributions.BoostDistribution'>
(    0.01 sec) DISTRIBUTIONS            : DEBUG           ->        Type           : Uniform
(    0.01 sec) DISTRIBUTIONS            : DEBUG           ->        Name           : power_dist
(    0.01 sec) DISTRIBUTIONS            : DEBUG           ->        Initialization Parameters:
(    0.01 sec) DISTRIBUTIONS            : DEBUG           ->        upperBoundUsed : True
(    0.01 sec) DISTRIBUTIONS            : DEBUG           ->        lowerBoundUsed : True
(    0.01 sec) DISTRIBUTIONS            : DEBUG           ->        hasInfiniteBound: False
(    0.01 sec) DISTRIBUTIONS            : DEBUG           ->        upperBound     : 1200.0
(    0.01 sec) DISTRIBUTIONS            : DEBUG           ->        lowerBound     : 0.0
(    0.01 sec) DISTRIBUTIONS            : DEBUG           ->        adjustmentType : 
(    0.01 sec) DISTRIBUTIONS            : DEBUG           ->        dimensionality : 1
(    0.01 sec) DISTRIBUTIONS            : DEBUG           ->        range          : 1200.0
(    0.01 sec) DISTRIBUTIONS            : DEBUG           ->        Current Setting:
(    0.01 sec) SIMULATION               : DEBUG           -> -- Reading the block: Samplers --
(    0.01 sec) SIMULATION               : DEBUG           -> Reading class "Grid" named "grid" ...
(    0.01 sec) SAMPLER GRID             : DEBUG           -> ------Reading Completed for:
(    0.01 sec) SAMPLER GRID             : DEBUG           ->        Class          : Grid            from <class 'ravenframework.Samplers.Sampler.Sampler'>
(    0.01 sec) SAMPLER GRID             : DEBUG           ->        Type           : Grid
(    0.01 sec) SAMPLER GRID             : DEBUG           ->        Name           : grid
(    0.01 sec) SAMPLER GRID             : DEBUG           ->        Initialization Parameters:
(    0.01 sec) SAMPLER GRID             : DEBUG           ->        sampled variable: power: is sampled using the distribution power_dist
(    0.01 sec) SAMPLER GRID             : DEBUG           ->        limit          : 1
(    0.01 sec) SAMPLER GRID             : DEBUG           ->        initial seed   : 1749605807
(    0.01 sec) SAMPLER GRID             : DEBUG           ->        power is sampled using a grid in : value
(    0.01 sec) SAMPLER GRID             : DEBUG           ->        Current Setting:
(    0.01 sec) SAMPLER GRID             : DEBUG           ->        counter        : 0
(    0.01 sec) SAMPLER GRID             : DEBUG           ->        initial seed   : 1749605807
(    0.01 sec) SAMPLER GRID             : DEBUG           ->        SampledVarsPb  : {}
(    0.01 sec) SAMPLER GRID             : DEBUG           ->        crowDist       : {}
(    0.01 sec) SIMULATION               : DEBUG           -> -- Reading the block: Steps --
(    0.01 sec) SIMULATION               : DEBUG           -> Reading class "MultiRun" named "sample" ...
(    0.01 sec) STEP MULTIRUN            : DEBUG           -> move this tests to base class when it is ready for all the classes
(    0.01 sec) STEP MULTIRUN            : DEBUG           -> the mapping used in the model for checking the compatibility of usage should be more similar to self.parList to avoid the double mapping below FIXME
(    0.01 sec) STEP MULTIRUN            : DEBUG           -> reactivate check on Input as soon as loadCsv gets out from the PostProcessor models!
(    0.01 sec) STEP MULTIRUN            : DEBUG           -> ------Reading Completed for:
(    0.01 sec) STEP MULTIRUN            : DEBUG           ->        Class          : MultiRun        from <class 'ravenframework.Steps.SingleRun.SingleRun'>
(    0.01 sec) STEP MULTIRUN            : DEBUG           ->        Type           : MultiRun
(    0.01 sec) STEP MULTIRUN            : DEBUG           ->        Name           : sample
(    0.01 sec) STEP MULTIRUN            : DEBUG           ->        Initialization Parameters:
(    0.01 sec) STEP MULTIRUN            : DEBUG           ->        Sleep time     : 0.005
(    0.01 sec) STEP MULTIRUN            : DEBUG           ->        Initial seed   : None
(    0.01 sec) STEP MULTIRUN            : DEBUG           ->        Input          : Class: Files Type:   Global name: input
(    0.01 sec) STEP MULTIRUN            : DEBUG           ->        Model          : Class: Models Type: Code  Global name: generic
(    0.01 sec) STEP MULTIRUN            : DEBUG           ->        Sampler        : Class: Samplers Type: Grid  Global name: grid
(    0.01 sec) STEP MULTIRUN            : DEBUG           ->        Output         : Class: OutStreams Type: Print  Global name: samples
(    0.01 sec) STEP MULTIRUN            : DEBUG           ->        Current Setting:
(    0.01 sec) SIMULATION               : DEBUG           -> -- Reading the block: DataObjects --
(    0.01 sec) SIMULATION               : DEBUG           -> Reading class "DataSet" named "samples" ...
(    0.01 sec) DataSet                  : DEBUG           -> ------Reading Completed for:
(    0.01 sec) DataSet                  : DEBUG           ->        Class          : DataSet         from <class 'ravenframework.DataObjects.DataObject.DataObject'>
(    0.01 sec) DataSet                  : DEBUG           ->        Type           : DataSet
(    0.01 sec) DataSet                  : DEBUG           ->        Name           : samples
(    0.01 sec) DataSet                  : DEBUG           ->        Initialization Parameters:
(    0.01 sec) DataSet                  : DEBUG           ->        Current Setting:
(    0.01 sec) SIMULATION               : DEBUG           -> -- Reading the block: OutStreams --
(    0.01 sec) SIMULATION               : DEBUG           -> Reading class "Print" named "samples" ...
(    0.01 sec) OUTSTREAM PRINT          : DEBUG           -> ------Reading Completed for:
(    0.01 sec) OUTSTREAM PRINT          : DEBUG           ->        Class          : FilePrint       from <class 'ravenframework.OutStreams.PrintInterfaces.PrintInterface.PrintInterface'>
(    0.01 sec) OUTSTREAM PRINT          : DEBUG           ->        Type           : OutStreamFilePrint
(    0.01 sec) OUTSTREAM PRINT          : DEBUG           ->        Name           : samples
(    0.01 sec) OUTSTREAM PRINT          : DEBUG           ->        Initialization Parameters:
(    0.01 sec) OUTSTREAM PRINT          : DEBUG           ->        Current Setting:
(    0.01 sec) PrintEntity              : DEBUG           -> ------Reading Completed for:
(    0.01 sec) PrintEntity              : DEBUG           ->        Class          : Print           from <class 'ravenframework.OutStreams.OutStreamEntity.OutStreamEntity'>
(    0.01 sec) PrintEntity              : DEBUG           ->        Type           : Print
(    0.01 sec) PrintEntity              : DEBUG           ->        Name           : samples
(    0.01 sec) PrintEntity              : DEBUG           ->        Initialization Parameters:
(    0.01 sec) PrintEntity              : DEBUG           ->        Source Name 0 :: samples
(    0.01 sec) PrintEntity              : DEBUG           ->        Variable Name 0 :: input
(    0.01 sec) PrintEntity              : DEBUG           ->        Variable Name 1 :: output
(    0.01 sec) PrintEntity              : DEBUG           ->        Current Setting:
(    0.01 sec) PrintEntity              : DEBUG           -> ------Reading Completed for:
(    0.01 sec) PrintEntity              : DEBUG           ->        Class          : Print           from <class 'ravenframework.OutStreams.OutStreamEntity.OutStreamEntity'>
(    0.01 sec) PrintEntity              : DEBUG           ->        Type           : Print
(    0.01 sec) PrintEntity              : DEBUG           ->        Name           : samples
(    0.01 sec) PrintEntity              : DEBUG           ->        Initialization Parameters:
(    0.01 sec) PrintEntity              : DEBUG           ->        Source Name 0 :: samples
(    0.01 sec) PrintEntity              : DEBUG           ->        Variable Name 0 :: input
(    0.01 sec) PrintEntity              : DEBUG           ->        Variable Name 1 :: output
(    0.01 sec) PrintEntity              : DEBUG           ->        Current Setting:
(    0.01 sec) SIMULATION               : DEBUG           -> Moving to working directory: /mnt/c/Users/WHITSR3/source/repos/_INL_Projects/raven/tests/framework/CodeInterfaceTests/GenericDataSet
(    0.01 sec) Job Handler              : DEBUG           -> Setting maxQueueSize to 1
(    0.01 sec) Job Handler              : DEBUG           -> Using parallelMethod: ParallelLibEnum.shared because Input: parallelMethod: None internalParallel: False and Ray Availablility: True and Dask Availabilitiy: True
(    0.01 sec) Job Handler              : DEBUG           -> Initializing parallel InternalParallel: False Nodes: 0
(    0.01 sec) Job Handler              : DEBUG           -> JobHandler initialized with threading
(    0.00 sec) SIMULATION               : Message         -> Simulation started at 2023-08-03 11:00:11
(    0.00 sec) SIMULATION               : DEBUG           -> entering the run
(    0.00 sec) SIMULATION               : Message         -> -- Beginning MultiRun step "sample" ... --
(    0.00 sec) STEP MULTIRUN            : Message         -> ***  Beginning initialization ***
(    0.00 sec) STEP MULTIRUN            : DEBUG           -> jobHandler initialized
(    0.01 sec) STEP MULTIRUN            : Warning         -> The calculation run directory /mnt/c/Users/WHITSR3/source/repos/_INL_Projects/raven/tests/framework/CodeInterfaceTests/GenericDataSet/sample already exists. Files present in this directory may be replaced, and error handling may not occur as expected.
(    0.03 sec) STEP MULTIRUN            : DEBUG           -> for the role Model, the item of class Code and name generic has been initialized
(    0.03 sec) STEP MULTIRUN            : DEBUG           -> for the role Output the item of class DataSet and name samples has been initialized
(    0.03 sec) STEP MULTIRUN            : DEBUG           -> for the role Output the item of class Print and name samples has been initialized
(    0.03 sec) SAMPLER GRID             : Message         -> No restart for SAMPLER GRID
(    0.03 sec) GRID ENTITY              : Message         -> Starting initialization of grid 
(    0.03 sec) GRID ENTITY              : Message         -> Grid initialized...
(    0.03 sec) STEP MULTIRUN            : DEBUG           -> for the role of sampler the item of class Grid and name grid has been initialized
(    0.03 sec) STEP MULTIRUN            : DEBUG           -> Sampler initialization dictionary: {'externalSeeding': None}
(    0.03 sec) STEP MULTIRUN            : DEBUG           -> Generating input batch of size 1
(    0.03 sec) SAMPLER GRID             : DEBUG           ->  ... Sample point 1: {'power': 100.0}
(    0.03 sec) CODE MODEL               : Message         -> job "1" submitted!
(    0.03 sec) STEP MULTIRUN            : DEBUG           -> Submitted input 1
(    0.03 sec) STEP MULTIRUN            : Message         -> ***    Initialization done    ***
(    0.03 sec) STEP MULTIRUN            : Message         -> ***       Beginning run       ***
Execution Command: [('parallel', ' none -batch input.txt  ')]
(    0.08 sec) CODE MODEL               : Message         -> Execution command submitted:  none -batch input.txt    
(    0.08 sec) CODE MODEL               : DEBUG           -> shell execution command: " none -batch input.txt    "
(    0.08 sec) CODE MODEL               : DEBUG           -> shell cwd: "/mnt/c/Users/WHITSR3/source/repos/_INL_Projects/raven/tests/framework/CodeInterfaceTests/GenericDataSet/sample/1"
(    0.08 sec) CODE MODEL               : DEBUG           -> self pid:5305 ppid: 5109
(    0.18 sec) CODE MODEL               : DEBUG           ->  Process 5341 finished Thu Aug  3 11:00:11 2023 with returncode 127
(    0.18 sec) CODE MODEL               : Message         -> **************************************************
(    0.18 sec) CODE MODEL               : Message         ->  Process Failed  none -batch input.txt     returnCode 127
(    0.19 sec) CODE MODEL               : Message         -> '/bin/sh: 1: none: not found
'
(    0.19 sec) CODE MODEL               : Message         -> **************************************************
(    0.20 sec) Job Handler              : Message         ->  Process Failed 1:<ravenframework.Runners.SharedMemoryRunner.SharedMemoryRunner object at 0x7f38a94ab910> internal returnCode -1
(    0.20 sec) STEP MULTIRUN            : DEBUG           -> the job "1" has failed.
(    0.20 sec) STEP MULTIRUN            : DEBUG           -> Testing if the sampler is ready to generate a new input
(    0.20 sec) SAMPLER GRID             : DEBUG           -> Sampling limit reached!
(    0.20 sec) SAMPLER GRID             : DEBUG           ->  ... Sample point 2: {'power': 200.0}
(    0.20 sec) CODE MODEL               : Message         -> job "2" submitted!
(    0.20 sec) STEP MULTIRUN            : DEBUG           ->  ... no available JobHandler spots currently (or the Sampler is done.)
Execution Command: [('parallel', ' none -batch input.txt  ')]
(    0.23 sec) CODE MODEL               : Message         -> Execution command submitted:  none -batch input.txt    
(    0.23 sec) CODE MODEL               : DEBUG           -> shell execution command: " none -batch input.txt    "
(    0.23 sec) CODE MODEL               : DEBUG           -> shell cwd: "/mnt/c/Users/WHITSR3/source/repos/_INL_Projects/raven/tests/framework/CodeInterfaceTests/GenericDataSet/sample/2"
(    0.23 sec) CODE MODEL               : DEBUG           -> self pid:5305 ppid: 5109
(    0.32 sec) CODE MODEL               : DEBUG           ->  Process 5343 finished Thu Aug  3 11:00:12 2023 with returncode 127
(    0.32 sec) CODE MODEL               : Message         -> **************************************************
(    0.32 sec) CODE MODEL               : Message         ->  Process Failed  none -batch input.txt     returnCode 127
(    0.33 sec) CODE MODEL               : Message         -> '/bin/sh: 1: none: not found
'
(    0.33 sec) CODE MODEL               : Message         -> **************************************************
(    0.33 sec) Job Handler              : Message         ->  Process Failed 2:<ravenframework.Runners.SharedMemoryRunner.SharedMemoryRunner object at 0x7f38a94dc1f0> internal returnCode -1
(    0.33 sec) STEP MULTIRUN            : DEBUG           -> the job "2" has failed.
(    0.33 sec) STEP MULTIRUN            : DEBUG           -> Testing if the sampler is ready to generate a new input
(    0.33 sec) SAMPLER GRID             : DEBUG           -> Sampling limit reached! No new samples ...
(    0.33 sec) STEP MULTIRUN            : DEBUG           ->  ... sampler has no new inputs currently.
(    0.33 sec) SAMPLER GRID             : DEBUG           -> Sampling limit reached! No new samples ...
(    0.33 sec) STEP MULTIRUN            : DEBUG           -> Sampling finished with 2 runs submitted, 0 jobs running, and 0 completed jobs waiting to be processed.
(    0.33 sec) SAMPLER GRID             : DEBUG           -> ===============
(    0.33 sec) SAMPLER GRID             : DEBUG           -> | RUN SUMMARY |
(    0.33 sec) SAMPLER GRID             : DEBUG           -> ===============
(    0.33 sec) SAMPLER GRID             : Warning         -> There were 2 failed runs!  Run with verbosity = debug for more details.
(    0.33 sec) SAMPLER GRID             : DEBUG           ->   Run number 1 FAILED:
(    0.33 sec) SAMPLER GRID             : DEBUG           ->       return code :  -1
(    0.33 sec) SAMPLER GRID             : DEBUG           ->   Run number 2 FAILED:
(    0.33 sec) SAMPLER GRID             : DEBUG           ->       return code :  -1
(    0.33 sec) SAMPLER GRID             : ERROR           -> There were failed runs; aborting RAVEN.
--------------------------------------------------
There were 2 warnings during the simulation run:
(1 time) The calculation run directory /mnt/c/Users/WHITSR3/source/repos/_INL_Projects/raven/tests/framework/CodeInterfaceTests/GenericDataSet/sample already exists. Files present in this directory may be replaced, and error handling may not occur as expected.
(1 time) There were 2 failed runs!  Run with verbosity = debug for more details.
--------------------------------------------------
Traceback (most recent call last):
  File "/mnt/c/Users/WHITSR3/source/repos/_INL_Projects/raven/raven_framework.py", line 25, in <module>
    sys.exit(main(True))
  File "/mnt/c/Users/WHITSR3/source/repos/_INL_Projects/raven/ravenframework/Driver.py", line 207, in main
    raven()
  File "/mnt/c/Users/WHITSR3/source/repos/_INL_Projects/raven/ravenframework/Driver.py", line 160, in raven
    simulation.run()
  File "/mnt/c/Users/WHITSR3/source/repos/_INL_Projects/raven/ravenframework/Simulation.py", line 901, in run
    self.executeStep(stepInputDict, stepInstance)
  File "/mnt/c/Users/WHITSR3/source/repos/_INL_Projects/raven/ravenframework/Simulation.py", line 834, in executeStep
    stepInstance.takeAstep(stepInputDict)
  File "/mnt/c/Users/WHITSR3/source/repos/_INL_Projects/raven/ravenframework/Steps/Step.py", line 317, in takeAstep
    self._localTakeAstepRun(inDictionary)
  File "/mnt/c/Users/WHITSR3/source/repos/_INL_Projects/raven/ravenframework/Steps/MultiRun.py", line 269, in _localTakeAstepRun
    sampler.finalizeSampler(self.failedRuns)
  File "/mnt/c/Users/WHITSR3/source/repos/_INL_Projects/raven/ravenframework/Samplers/Sampler.py", line 1094, in finalizeSampler
    self.handleFailedRuns(failedRuns)
  File "/mnt/c/Users/WHITSR3/source/repos/_INL_Projects/raven/ravenframework/Samplers/Sampler.py", line 1116, in handleFailedRuns
    self._localHandleFailedRuns(failedRuns)
  File "/mnt/c/Users/WHITSR3/source/repos/_INL_Projects/raven/ravenframework/Samplers/Sampler.py", line 1128, in _localHandleFailedRuns
    self.raiseAnError(IOError, 'There were failed runs; aborting RAVEN.')
  File "/mnt/c/Users/WHITSR3/source/repos/_INL_Projects/raven/ravenframework/BaseClasses/MessageUser.py", line 77, in raiseAnError
    self.messageHandler.error(self, etype, msg, str(tag), verbosity, color)
  File "/mnt/c/Users/WHITSR3/source/repos/_INL_Projects/raven/ravenframework/MessageHandler.py", line 235, in error
    raise etype(message)
OSError: There were failed runs; aborting RAVEN.
