Running RAVEN tests ...
Loading libraries ...
CONDA
... Run Options:
... ECE Mode: 1
... Verbosity: 0
... Clean: 0
... Install Mode: CONDA
... Conda Defs:
... Loading RAVEN libraries ...
... Detected OS as --os linux ...
... Using Python command python
... $RAVEN_LIBS_NAME set through raven/.ravenrc to raven_libraries
... >> If this is not desired, then remove it from the ravenrc file before running.
... >> RAVEN environment is named "raven_libraries"
... found conda path in ravenrc: /home/whitsr3/miniconda3/etc/profile.d/conda.sh
... >> If this is not the desirable path, rerun with argument --conda-defs [path] or remove the entry from raven/.ravenrc file.
... Found conda definitions at /home/whitsr3/miniconda3/etc/profile.d/conda.sh
conda 23.5.0
raven_libraries          /home/whitsr3/miniconda3/envs/raven_libraries
... Found library environment ...
... Activating environment ...
... Activating environment ...
... done!

********************************************************************************

Running RAVEN tests ...
rook: loading init file "/mnt/c/Users/WHITSR3/source/repos/_INL_Projects/raven/developer_tools/rook.ini"
rook: ... loaded setting "add_non_default_run_types = qsub"
rook: ... loaded setting "test_dir = tests, doc/workshop"
rook: found 121 test dirs under "tests" ...
rook: found 13 test dirs under "doc/workshop" ...
rook: loading init file "/mnt/c/Users/WHITSR3/source/repos/_INL_Projects/raven/developer_tools/rook.ini"
rook: ... loaded setting "add_non_default_run_types = qsub"
rook: ... loaded setting "test_dir = tests, doc/workshop"
Output of'tests/framework/CodeInterfaceTests/s_whitmoreTest':

Copyright 2017 Battelle Energy Alliance, LLC

Licensed under the Apache License, Version 2.0 (the "License");
you may not use this file except in compliance with the License.
You may obtain a copy of the License at

http://www.apache.org/licenses/LICENSE-2.0

Unless required by applicable law or agreed to in writing, software
distributed under the License is distributed on an "AS IS" BASIS,
WITHOUT WARRANTIES OR CONDITIONS OF ANY KIND, either express or implied.
See the License for the specific language governing permissions and
limitations under the License.
  

~~~~~~~~~~~~~~~~~~~~~~~~~~~~~~~~~~~~~~~~~~~~~~~~~~~~~~~~~~~~~~~~~~~~~~~~~~~~~~~~

      .---.        .------######       #####     ###   ###  ########  ###    ###
     /     \  __  /    --###  ###    ###  ###   ###   ###  ###       #####  ###
    / /     \(  )/    --###  ###    ###   ###  ###   ###  ######    ### ######
   //////   ' \/ `   --#######     #########  ###   ###  ###       ###  #####
  //// / // :    :   -###   ###   ###   ###    ######   ####      ###   ####
 // /   /  /`    '---###    ###  ###   ###      ###    ########  ###    ###
//          //..\\
===========UU====UU=============================================================
           '//||\\`
             ''``
    
RAVEN Python dependencies located and checked.
Loading plugin "HERON" at /mnt/c/Users/WHITSR3/source/repos/_INL_Projects/HERON
 ... successfully imported "HERON" ...
Loading plugin "ExamplePlugin" at /mnt/c/Users/WHITSR3/source/repos/_INL_Projects/raven/plugins/ExamplePlugin
 ... successfully imported "ExamplePlugin" ...
Interface CHECK activated!

(    0.00 sec) SIMULATION               : Message         -> Global verbosity level is "debug"
(    0.00 sec) SIMULATION               : DEBUG           -> -- Reading the block: Steps --
(    0.00 sec) SIMULATION               : DEBUG           -> Reading class "MultiRun" named "sweep" ...
(    0.00 sec) STEP MULTIRUN            : DEBUG           -> move this tests to base class when it is ready for all the classes
(    0.00 sec) STEP MULTIRUN            : DEBUG           -> the mapping used in the model for checking the compatibility of usage should be more similar to self.parList to avoid the double mapping below FIXME
(    0.00 sec) STEP MULTIRUN            : DEBUG           -> reactivate check on Input as soon as loadCsv gets out from the PostProcessor models!
(    0.00 sec) STEP MULTIRUN            : DEBUG           -> ------Reading Completed for:
(    0.00 sec) STEP MULTIRUN            : DEBUG           ->        Class          : MultiRun        from <class 'ravenframework.Steps.SingleRun.SingleRun'>
(    0.00 sec) STEP MULTIRUN            : DEBUG           ->        Type           : MultiRun
(    0.00 sec) STEP MULTIRUN            : DEBUG           ->        Name           : sweep
(    0.00 sec) STEP MULTIRUN            : DEBUG           ->        Initialization Parameters:
(    0.00 sec) STEP MULTIRUN            : DEBUG           ->        Sleep time     : 0.005
(    0.00 sec) STEP MULTIRUN            : DEBUG           ->        Initial seed   : None
(    0.00 sec) STEP MULTIRUN            : DEBUG           ->        Input          : Class: Files Type:   Global name: timeseries_wind_hourly.csv
(    0.00 sec) STEP MULTIRUN            : DEBUG           ->        Model          : Class: Models Type: Code  Global name: abce
(    0.00 sec) STEP MULTIRUN            : DEBUG           ->        Sampler        : Class: Samplers Type: Grid  Global name: grid
(    0.00 sec) STEP MULTIRUN            : DEBUG           ->        Output         : Class: OutStreams Type: Print  Global name: samples
(    0.00 sec) STEP MULTIRUN            : DEBUG           ->        Current Setting:
(    0.00 sec) SIMULATION               : DEBUG           -> -- Reading the block: Files --
(    0.00 sec) SIMULATION               : DEBUG           -> Reading class "Input" named "settings.yml" ...
(    0.00 sec)  File                    : DEBUG           -> ------Reading Completed for:
(    0.00 sec)  File                    : DEBUG           ->        Class          : UserGenerated   from <class 'ravenframework.Files.File'>
(    0.00 sec)  File                    : DEBUG           ->        Type           : 
(    0.00 sec)  File                    : DEBUG           ->        Name           : settings.yml
(    0.00 sec)  File                    : DEBUG           ->        Initialization Parameters:
(    0.00 sec)  File                    : DEBUG           ->        Current Setting:
(    0.00 sec) SIMULATION               : DEBUG           -> Reading class "Input" named "C2N_project_definitions.yml" ...
(    0.00 sec)  File                    : DEBUG           -> ------Reading Completed for:
(    0.00 sec)  File                    : DEBUG           ->        Class          : UserGenerated   from <class 'ravenframework.Files.File'>
(    0.00 sec)  File                    : DEBUG           ->        Type           : 
(    0.00 sec)  File                    : DEBUG           ->        Name           : C2N_project_definitions.yml
(    0.00 sec)  File                    : DEBUG           ->        Initialization Parameters:
(    0.00 sec)  File                    : DEBUG           ->        Current Setting:
(    0.00 sec) SIMULATION               : DEBUG           -> Reading class "Input" named "demand_data.csv" ...
(    0.00 sec)  File                    : DEBUG           -> ------Reading Completed for:
(    0.00 sec)  File                    : DEBUG           ->        Class          : UserGenerated   from <class 'ravenframework.Files.File'>
(    0.00 sec)  File                    : DEBUG           ->        Type           : 
(    0.00 sec)  File                    : DEBUG           ->        Name           : demand_data.csv
(    0.00 sec)  File                    : DEBUG           ->        Initialization Parameters:
(    0.00 sec)  File                    : DEBUG           ->        Current Setting:
(    0.00 sec) SIMULATION               : DEBUG           -> Reading class "Input" named "single_agent_testing.yml" ...
(    0.00 sec)  File                    : DEBUG           -> ------Reading Completed for:
(    0.00 sec)  File                    : DEBUG           ->        Class          : UserGenerated   from <class 'ravenframework.Files.File'>
(    0.00 sec)  File                    : DEBUG           ->        Type           : 
(    0.00 sec)  File                    : DEBUG           ->        Name           : single_agent_testing.yml
(    0.00 sec)  File                    : DEBUG           ->        Initialization Parameters:
(    0.00 sec)  File                    : DEBUG           ->        Current Setting:
(    0.00 sec) SIMULATION               : DEBUG           -> Reading class "Input" named "unit_specs.yml" ...
(    0.01 sec)  File                    : DEBUG           -> ------Reading Completed for:
(    0.01 sec)  File                    : DEBUG           ->        Class          : UserGenerated   from <class 'ravenframework.Files.File'>
(    0.01 sec)  File                    : DEBUG           ->        Type           : 
(    0.01 sec)  File                    : DEBUG           ->        Name           : unit_specs.yml
(    0.01 sec)  File                    : DEBUG           ->        Initialization Parameters:
(    0.01 sec)  File                    : DEBUG           ->        Current Setting:
(    0.01 sec) SIMULATION               : DEBUG           -> Reading class "Input" named "timeseries_load_hourly.csv" ...
(    0.01 sec)  File                    : DEBUG           -> ------Reading Completed for:
(    0.01 sec)  File                    : DEBUG           ->        Class          : UserGenerated   from <class 'ravenframework.Files.File'>
(    0.01 sec)  File                    : DEBUG           ->        Type           : 
(    0.01 sec)  File                    : DEBUG           ->        Name           : timeseries_load_hourly.csv
(    0.01 sec)  File                    : DEBUG           ->        Initialization Parameters:
(    0.01 sec)  File                    : DEBUG           ->        Current Setting:
(    0.01 sec) SIMULATION               : DEBUG           -> Reading class "Input" named "timeseries_nspin_hourly.csv" ...
(    0.01 sec)  File                    : DEBUG           -> ------Reading Completed for:
(    0.01 sec)  File                    : DEBUG           ->        Class          : UserGenerated   from <class 'ravenframework.Files.File'>
(    0.01 sec)  File                    : DEBUG           ->        Type           : 
(    0.01 sec)  File                    : DEBUG           ->        Name           : timeseries_nspin_hourly.csv
(    0.01 sec)  File                    : DEBUG           ->        Initialization Parameters:
(    0.01 sec)  File                    : DEBUG           ->        Current Setting:
(    0.01 sec) SIMULATION               : DEBUG           -> Reading class "Input" named "timeseries_pv_hourly.csv" ...
(    0.01 sec)  File                    : DEBUG           -> ------Reading Completed for:
(    0.01 sec)  File                    : DEBUG           ->        Class          : UserGenerated   from <class 'ravenframework.Files.File'>
(    0.01 sec)  File                    : DEBUG           ->        Type           : 
(    0.01 sec)  File                    : DEBUG           ->        Name           : timeseries_pv_hourly.csv
(    0.01 sec)  File                    : DEBUG           ->        Initialization Parameters:
(    0.01 sec)  File                    : DEBUG           ->        Current Setting:
(    0.01 sec) SIMULATION               : DEBUG           -> Reading class "Input" named "timeseries_reg_hourly.csv" ...
(    0.01 sec)  File                    : DEBUG           -> ------Reading Completed for:
(    0.01 sec)  File                    : DEBUG           ->        Class          : UserGenerated   from <class 'ravenframework.Files.File'>
(    0.01 sec)  File                    : DEBUG           ->        Type           : 
(    0.01 sec)  File                    : DEBUG           ->        Name           : timeseries_reg_hourly.csv
(    0.01 sec)  File                    : DEBUG           ->        Initialization Parameters:
(    0.01 sec)  File                    : DEBUG           ->        Current Setting:
(    0.01 sec) SIMULATION               : DEBUG           -> Reading class "Input" named "timeseries_spin_hourly.csv" ...
(    0.01 sec)  File                    : DEBUG           -> ------Reading Completed for:
(    0.01 sec)  File                    : DEBUG           ->        Class          : UserGenerated   from <class 'ravenframework.Files.File'>
(    0.01 sec)  File                    : DEBUG           ->        Type           : 
(    0.01 sec)  File                    : DEBUG           ->        Name           : timeseries_spin_hourly.csv
(    0.01 sec)  File                    : DEBUG           ->        Initialization Parameters:
(    0.01 sec)  File                    : DEBUG           ->        Current Setting:
(    0.01 sec) SIMULATION               : DEBUG           -> Reading class "Input" named "timeseries_wind_hourly.csv" ...
(    0.01 sec)  File                    : DEBUG           -> ------Reading Completed for:
(    0.01 sec)  File                    : DEBUG           ->        Class          : UserGenerated   from <class 'ravenframework.Files.File'>
(    0.01 sec)  File                    : DEBUG           ->        Type           : 
(    0.01 sec)  File                    : DEBUG           ->        Name           : timeseries_wind_hourly.csv
(    0.01 sec)  File                    : DEBUG           ->        Initialization Parameters:
(    0.01 sec)  File                    : DEBUG           ->        Current Setting:
(    0.01 sec) SIMULATION               : DEBUG           -> -- Reading the block: Models --
(    0.01 sec) SIMULATION               : DEBUG           -> Reading class "Code" named "abce" ...
(    0.01 sec) CODE MODEL               : Warning         -> "text" nodes only accept "type" and "arg" attributes! Ignoring "delimiter"...
(    0.01 sec) CODE MODEL               : Message         -> InterfaceCheck: ignored executable /mnt/c/Users/WHITSR3/source/repos/_INL_Projects/RAVEN_ABCE/abce_wsl/abce/run.py ExceptedError
(    0.01 sec) BaseType                 : DEBUG           -> ------Reading Completed for:
(    0.01 sec) BaseType                 : DEBUG           ->        Class          : Abce            from <class 'ravenframework.CodeInterfaceBaseClass.CodeInterfaceBase'>
(    0.01 sec) BaseType                 : DEBUG           ->        Type           : Code
(    0.01 sec) BaseType                 : DEBUG           ->        Name           : abce
(    0.01 sec) BaseType                 : DEBUG           ->        Initialization Parameters:
(    0.01 sec) BaseType                 : DEBUG           ->        Current Setting:
(    0.01 sec) CODE MODEL               : DEBUG           -> ------Reading Completed for:
(    0.01 sec) CODE MODEL               : DEBUG           ->        Class          : Code            from <class 'ravenframework.Models.Model.Model'>
(    0.01 sec) CODE MODEL               : DEBUG           ->        Type           : Code
(    0.01 sec) CODE MODEL               : DEBUG           ->        Name           : abce
(    0.01 sec) CODE MODEL               : DEBUG           ->        Initialization Parameters:
(    0.01 sec) CODE MODEL               : DEBUG           ->        subType        : Abce
(    0.01 sec) CODE MODEL               : DEBUG           ->        executable     : /mnt/c/Users/WHITSR3/source/repos/_INL_Projects/RAVEN_ABCE/abce_wsl/abce/run.py
(    0.01 sec) CODE MODEL               : DEBUG           ->        Current Setting:
(    0.01 sec) CODE MODEL               : DEBUG           ->        current working directory: 
(    0.01 sec) CODE MODEL               : DEBUG           ->        current output file root: 
(    0.01 sec) CODE MODEL               : DEBUG           ->        current input file: []
(    0.01 sec) CODE MODEL               : DEBUG           ->        original input file: []
(    0.01 sec) SIMULATION               : DEBUG           -> -- Reading the block: Distributions --
(    0.01 sec) DISTRIBUTIONS            : DEBUG           -> ------Reading Completed for:
(    0.01 sec) DISTRIBUTIONS            : DEBUG           ->        Class          : Uniform         from <class 'ravenframework.Distributions.BoostDistribution'>
(    0.01 sec) DISTRIBUTIONS            : DEBUG           ->        Type           : Uniform
(    0.01 sec) DISTRIBUTIONS            : DEBUG           ->        Name           : xd
(    0.01 sec) DISTRIBUTIONS            : DEBUG           ->        Initialization Parameters:
(    0.01 sec) DISTRIBUTIONS            : DEBUG           ->        upperBoundUsed : True
(    0.01 sec) DISTRIBUTIONS            : DEBUG           ->        lowerBoundUsed : True
(    0.01 sec) DISTRIBUTIONS            : DEBUG           ->        hasInfiniteBound: False
(    0.01 sec) DISTRIBUTIONS            : DEBUG           ->        upperBound     : 80010.0
(    0.01 sec) DISTRIBUTIONS            : DEBUG           ->        lowerBound     : 80000.0
(    0.01 sec) DISTRIBUTIONS            : DEBUG           ->        adjustmentType : 
(    0.01 sec) DISTRIBUTIONS            : DEBUG           ->        dimensionality : 1
(    0.01 sec) DISTRIBUTIONS            : DEBUG           ->        range          : 10.0
(    0.01 sec) DISTRIBUTIONS            : DEBUG           ->        Current Setting:
(    0.01 sec) DISTRIBUTIONS            : DEBUG           -> ------Reading Completed for:
(    0.01 sec) DISTRIBUTIONS            : DEBUG           ->        Class          : Uniform         from <class 'ravenframework.Distributions.BoostDistribution'>
(    0.01 sec) DISTRIBUTIONS            : DEBUG           ->        Type           : Uniform
(    0.01 sec) DISTRIBUTIONS            : DEBUG           ->        Name           : windcap
(    0.01 sec) DISTRIBUTIONS            : DEBUG           ->        Initialization Parameters:
(    0.01 sec) DISTRIBUTIONS            : DEBUG           ->        upperBoundUsed : True
(    0.01 sec) DISTRIBUTIONS            : DEBUG           ->        lowerBoundUsed : True
(    0.01 sec) DISTRIBUTIONS            : DEBUG           ->        hasInfiniteBound: False
(    0.01 sec) DISTRIBUTIONS            : DEBUG           ->        upperBound     : 110.0
(    0.01 sec) DISTRIBUTIONS            : DEBUG           ->        lowerBound     : 90.0
(    0.01 sec) DISTRIBUTIONS            : DEBUG           ->        adjustmentType : 
(    0.01 sec) DISTRIBUTIONS            : DEBUG           ->        dimensionality : 1
(    0.01 sec) DISTRIBUTIONS            : DEBUG           ->        range          : 20.0
(    0.01 sec) DISTRIBUTIONS            : DEBUG           ->        Current Setting:
(    0.01 sec) SIMULATION               : DEBUG           -> -- Reading the block: Samplers --
(    0.01 sec) SIMULATION               : DEBUG           -> Reading class "Grid" named "grid" ...
INPUT SPEC ERROR adding checked and unchecked to grid  in  variable len 1
(    0.01 sec) SAMPLER GRID             : DEBUG           -> ------Reading Completed for:
(    0.01 sec) SAMPLER GRID             : DEBUG           ->        Class          : Grid            from <class 'ravenframework.Samplers.Sampler.Sampler'>
(    0.01 sec) SAMPLER GRID             : DEBUG           ->        Type           : Grid
(    0.01 sec) SAMPLER GRID             : DEBUG           ->        Name           : grid
(    0.01 sec) SAMPLER GRID             : DEBUG           ->        Initialization Parameters:
(    0.01 sec) SAMPLER GRID             : DEBUG           ->        sampled variable: pkd: is sampled using the distribution xd
(    0.01 sec) SAMPLER GRID             : DEBUG           ->        sampled variable: unit_specs_wind_capacity: is sampled using the distribution windcap
(    0.01 sec) SAMPLER GRID             : DEBUG           ->        limit          : 1
(    0.01 sec) SAMPLER GRID             : DEBUG           ->        initial seed   : 1749605807
(    0.01 sec) SAMPLER GRID             : DEBUG           ->        pkd is sampled using a grid in : CDF
(    0.01 sec) SAMPLER GRID             : DEBUG           ->        unit_specs_wind_capacity is sampled using a grid in : CDF
(    0.01 sec) SAMPLER GRID             : DEBUG           ->        Current Setting:
(    0.01 sec) SAMPLER GRID             : DEBUG           ->        counter        : 0
(    0.01 sec) SAMPLER GRID             : DEBUG           ->        initial seed   : 1749605807
(    0.01 sec) SAMPLER GRID             : DEBUG           ->        SampledVarsPb  : {}
(    0.01 sec) SAMPLER GRID             : DEBUG           ->        crowDist       : {}
(    0.01 sec) SIMULATION               : DEBUG           -> -- Reading the block: DataObjects --
(    0.01 sec) SIMULATION               : DEBUG           -> Reading class "DataSet" named "grid" ...
(    0.01 sec) DataSet                  : DEBUG           -> ------Reading Completed for:
(    0.01 sec) DataSet                  : DEBUG           ->        Class          : DataSet         from <class 'ravenframework.DataObjects.DataObject.DataObject'>
(    0.01 sec) DataSet                  : DEBUG           ->        Type           : DataSet
(    0.01 sec) DataSet                  : DEBUG           ->        Name           : grid
(    0.01 sec) DataSet                  : DEBUG           ->        Initialization Parameters:
(    0.01 sec) DataSet                  : DEBUG           ->        Current Setting:
(    0.01 sec) SIMULATION               : DEBUG           -> -- Reading the block: OutStreams --
(    0.01 sec) SIMULATION               : DEBUG           -> Reading class "Print" named "samples" ...
(    0.01 sec) OUTSTREAM PRINT          : DEBUG           -> ------Reading Completed for:
(    0.01 sec) OUTSTREAM PRINT          : DEBUG           ->        Class          : FilePrint       from <class 'ravenframework.OutStreams.PrintInterfaces.PrintInterface.PrintInterface'>
(    0.01 sec) OUTSTREAM PRINT          : DEBUG           ->        Type           : OutStreamFilePrint
(    0.01 sec) OUTSTREAM PRINT          : DEBUG           ->        Name           : samples
(    0.01 sec) OUTSTREAM PRINT          : DEBUG           ->        Initialization Parameters:
(    0.01 sec) OUTSTREAM PRINT          : DEBUG           ->        Current Setting:
(    0.01 sec) PrintEntity              : DEBUG           -> ------Reading Completed for:
(    0.01 sec) PrintEntity              : DEBUG           ->        Class          : Print           from <class 'ravenframework.OutStreams.OutStreamEntity.OutStreamEntity'>
(    0.01 sec) PrintEntity              : DEBUG           ->        Type           : Print
(    0.01 sec) PrintEntity              : DEBUG           ->        Name           : samples
(    0.01 sec) PrintEntity              : DEBUG           ->        Initialization Parameters:
(    0.01 sec) PrintEntity              : DEBUG           ->        Source Name 0 :: grid
(    0.01 sec) PrintEntity              : DEBUG           ->        Variable Name 0 :: input
(    0.01 sec) PrintEntity              : DEBUG           ->        Variable Name 1 :: output
(    0.01 sec) PrintEntity              : DEBUG           ->        Current Setting:
(    0.01 sec) PrintEntity              : DEBUG           -> ------Reading Completed for:
(    0.01 sec) PrintEntity              : DEBUG           ->        Class          : Print           from <class 'ravenframework.OutStreams.OutStreamEntity.OutStreamEntity'>
(    0.01 sec) PrintEntity              : DEBUG           ->        Type           : Print
(    0.01 sec) PrintEntity              : DEBUG           ->        Name           : samples
(    0.01 sec) PrintEntity              : DEBUG           ->        Initialization Parameters:
(    0.01 sec) PrintEntity              : DEBUG           ->        Source Name 0 :: grid
(    0.01 sec) PrintEntity              : DEBUG           ->        Variable Name 0 :: input
(    0.01 sec) PrintEntity              : DEBUG           ->        Variable Name 1 :: output
(    0.01 sec) PrintEntity              : DEBUG           ->        Current Setting:
(    0.01 sec) SIMULATION               : DEBUG           -> Moving to working directory: /mnt/c/Users/WHITSR3/source/repos/_INL_Projects/raven/tests/framework/CodeInterfaceTests/abcesetting
(    0.01 sec) Job Handler              : DEBUG           -> Setting maxQueueSize to 1
(    0.01 sec) Job Handler              : DEBUG           -> Using parallelMethod: ParallelLibEnum.shared because Input: parallelMethod: None internalParallel: False and Ray Availablility: True and Dask Availabilitiy: True
(    0.01 sec) Job Handler              : DEBUG           -> Initializing parallel InternalParallel: False Nodes: 0
(    0.01 sec) Job Handler              : DEBUG           -> JobHandler initialized with threading
(    0.00 sec) SIMULATION               : Message         -> Simulation started at 2023-09-11 15:01:47
(    0.00 sec) SIMULATION               : DEBUG           -> entering the run
(    0.00 sec) SIMULATION               : Message         -> -- Beginning MultiRun step "sweep" ... --
(    0.00 sec) STEP MULTIRUN            : Message         -> ***  Beginning initialization ***
(    0.00 sec) STEP MULTIRUN            : DEBUG           -> jobHandler initialized
(    0.01 sec) STEP MULTIRUN            : Warning         -> The calculation run directory /mnt/c/Users/WHITSR3/source/repos/_INL_Projects/raven/tests/framework/CodeInterfaceTests/abcesetting/sweep already exists. Files present in this directory may be replaced, and error handling may not occur as expected.
(    0.34 sec) STEP MULTIRUN            : DEBUG           -> for the role Model, the item of class Code and name abce has been initialized
(    0.34 sec) STEP MULTIRUN            : DEBUG           -> for the role Output the item of class DataSet and name grid has been initialized
(    0.34 sec) STEP MULTIRUN            : DEBUG           -> for the role Output the item of class Print and name samples has been initialized
(    0.34 sec) SAMPLER GRID             : Message         -> No restart for SAMPLER GRID
(    0.34 sec) GRID ENTITY              : Message         -> Starting initialization of grid 
(    0.34 sec) GRID ENTITY              : Message         -> Grid initialized...
(    0.34 sec) STEP MULTIRUN            : DEBUG           -> for the role of sampler the item of class Grid and name grid has been initialized
(    0.34 sec) STEP MULTIRUN            : DEBUG           -> Sampler initialization dictionary: {'externalSeeding': None}
(    0.34 sec) STEP MULTIRUN            : DEBUG           -> Generating input batch of size 1
(    0.34 sec) SAMPLER GRID             : DEBUG           ->  ... Sample point 1: {'pkd': 80003.0, 'unit_specs_wind_capacity': 96.0}
(    0.34 sec) CODE MODEL               : Message         -> job "1" submitted!
(    0.34 sec) STEP MULTIRUN            : DEBUG           -> Submitted input 1
(    0.34 sec) STEP MULTIRUN            : Message         -> ***    Initialization done    ***
(    0.34 sec) STEP MULTIRUN            : Message         -> ***       Beginning run       ***
Execution Command: [('parallel', 'python  /mnt/c/Users/WHITSR3/source/repos/_INL_Projects/RAVEN_ABCE/abce_wsl/abce/run.py --settings_file=settings.yml --inputs_path=inputs --no-plots --verbosity=3 ')]
(    0.79 sec) CODE MODEL               : Message         -> Execution command submitted: echo  
(    0.79 sec) CODE MODEL               : DEBUG           -> shell execution command: "echo  "
(    0.79 sec) CODE MODEL               : DEBUG           -> shell cwd: "/mnt/c/Users/WHITSR3/source/repos/_INL_Projects/raven/tests/framework/CodeInterfaceTests/abcesetting/sweep/1"
(    0.79 sec) CODE MODEL               : DEBUG           -> self pid:1557 ppid: 1556
(    0.79 sec) CODE MODEL               : DEBUG           ->  Process 1592 finished Mon Sep 11 15:01:48 2023 with returncode 0
(    0.84 sec) STEP MULTIRUN            : DEBUG           -> Just collected job 1 and sent to output "grid"
(    0.85 sec) DataSet                  : DEBUG           -> Had an issue with setting scaling factors for variable "agent_id". No big deal.
(    0.85 sec) DataSet                  : DEBUG           -> Had an issue with setting scaling factors for variable "unit_type". No big deal.
(    0.85 sec) DataSet                  : DEBUG           -> Had an issue with setting scaling factors for variable "prefix". No big deal.
(    0.85 sec) DataSet                  : DEBUG           -> Printing data from "grid" to CSV: "samples.csv"
(    0.85 sec) DataSet                  : DEBUG           -> Printing metadata XML: "samples.xml"
(    0.86 sec) STEP MULTIRUN            : DEBUG           -> Just collected job 1 and sent to output "samples"
(    0.86 sec) STEP MULTIRUN            : DEBUG           -> Testing if the sampler is ready to generate a new input
(    0.86 sec) SAMPLER GRID             : DEBUG           ->  ... Sample point 2: {'pkd': 80003.0, 'unit_specs_wind_capacity': 104.0}
(    0.86 sec) CODE MODEL               : Message         -> job "2" submitted!
(    0.86 sec) STEP MULTIRUN            : DEBUG           ->  ... no available JobHandler spots currently (or the Sampler is done.)
Execution Command: [('parallel', 'python  /mnt/c/Users/WHITSR3/source/repos/_INL_Projects/RAVEN_ABCE/abce_wsl/abce/run.py --settings_file=settings.yml --inputs_path=inputs --no-plots --verbosity=3 ')]
(    1.27 sec) CODE MODEL               : Message         -> Execution command submitted: echo  
(    1.27 sec) CODE MODEL               : DEBUG           -> shell execution command: "echo  "
(    1.27 sec) CODE MODEL               : DEBUG           -> shell cwd: "/mnt/c/Users/WHITSR3/source/repos/_INL_Projects/raven/tests/framework/CodeInterfaceTests/abcesetting/sweep/2"
(    1.27 sec) CODE MODEL               : DEBUG           -> self pid:1557 ppid: 1556
(    1.27 sec) CODE MODEL               : DEBUG           ->  Process 1594 finished Mon Sep 11 15:01:48 2023 with returncode 0
(    1.31 sec) STEP MULTIRUN            : DEBUG           -> Just collected job 2 and sent to output "grid"
(    1.42 sec) DataSet                  : DEBUG           -> Had an issue with setting scaling factors for variable "agent_id". No big deal.
(    1.42 sec) DataSet                  : DEBUG           -> Had an issue with setting scaling factors for variable "unit_type". No big deal.
(    1.42 sec) DataSet                  : DEBUG           -> Had an issue with setting scaling factors for variable "prefix". No big deal.
(    1.42 sec) DataSet                  : DEBUG           -> Printing data from "grid" to CSV: "samples.csv"
(    1.43 sec) DataSet                  : DEBUG           -> Printing metadata XML: "samples.xml"
(    1.43 sec) STEP MULTIRUN            : DEBUG           -> Just collected job 2 and sent to output "samples"
(    1.43 sec) STEP MULTIRUN            : DEBUG           -> Testing if the sampler is ready to generate a new input
(    1.43 sec) SAMPLER GRID             : DEBUG           ->  ... Sample point 3: {'pkd': 80007.0, 'unit_specs_wind_capacity': 96.0}
(    1.43 sec) CODE MODEL               : Message         -> job "3" submitted!
(    1.43 sec) STEP MULTIRUN            : DEBUG           ->  ... no available JobHandler spots currently (or the Sampler is done.)
Execution Command: [('parallel', 'python  /mnt/c/Users/WHITSR3/source/repos/_INL_Projects/RAVEN_ABCE/abce_wsl/abce/run.py --settings_file=settings.yml --inputs_path=inputs --no-plots --verbosity=3 ')]
(    1.85 sec) CODE MODEL               : Message         -> Execution command submitted: echo  
(    1.85 sec) CODE MODEL               : DEBUG           -> shell execution command: "echo  "
(    1.85 sec) CODE MODEL               : DEBUG           -> shell cwd: "/mnt/c/Users/WHITSR3/source/repos/_INL_Projects/raven/tests/framework/CodeInterfaceTests/abcesetting/sweep/3"
(    1.85 sec) CODE MODEL               : DEBUG           -> self pid:1557 ppid: 1556
(    1.85 sec) CODE MODEL               : DEBUG           ->  Process 1596 finished Mon Sep 11 15:01:49 2023 with returncode 0
(    1.88 sec) STEP MULTIRUN            : DEBUG           -> Just collected job 3 and sent to output "grid"
(    1.98 sec) DataSet                  : DEBUG           -> Had an issue with setting scaling factors for variable "agent_id". No big deal.
(    1.98 sec) DataSet                  : DEBUG           -> Had an issue with setting scaling factors for variable "unit_type". No big deal.
(    1.98 sec) DataSet                  : DEBUG           -> Had an issue with setting scaling factors for variable "prefix". No big deal.
(    1.98 sec) DataSet                  : DEBUG           -> Printing data from "grid" to CSV: "samples.csv"
(    1.98 sec) DataSet                  : DEBUG           -> Printing metadata XML: "samples.xml"
(    1.99 sec) STEP MULTIRUN            : DEBUG           -> Just collected job 3 and sent to output "samples"
(    1.99 sec) STEP MULTIRUN            : DEBUG           -> Testing if the sampler is ready to generate a new input
(    1.99 sec) SAMPLER GRID             : DEBUG           -> Sampling limit reached!
(    1.99 sec) SAMPLER GRID             : DEBUG           ->  ... Sample point 4: {'pkd': 80007.0, 'unit_specs_wind_capacity': 104.0}
(    1.99 sec) CODE MODEL               : Message         -> job "4" submitted!
(    1.99 sec) STEP MULTIRUN            : DEBUG           ->  ... no available JobHandler spots currently (or the Sampler is done.)
Execution Command: [('parallel', 'python  /mnt/c/Users/WHITSR3/source/repos/_INL_Projects/RAVEN_ABCE/abce_wsl/abce/run.py --settings_file=settings.yml --inputs_path=inputs --no-plots --verbosity=3 ')]
(    2.42 sec) CODE MODEL               : Message         -> Execution command submitted: echo  
(    2.42 sec) CODE MODEL               : DEBUG           -> shell execution command: "echo  "
(    2.42 sec) CODE MODEL               : DEBUG           -> shell cwd: "/mnt/c/Users/WHITSR3/source/repos/_INL_Projects/raven/tests/framework/CodeInterfaceTests/abcesetting/sweep/4"
(    2.42 sec) CODE MODEL               : DEBUG           -> self pid:1557 ppid: 1556
(    2.42 sec) CODE MODEL               : DEBUG           ->  Process 1598 finished Mon Sep 11 15:01:49 2023 with returncode 0
(    2.45 sec) STEP MULTIRUN            : DEBUG           -> Just collected job 4 and sent to output "grid"
(    2.56 sec) DataSet                  : DEBUG           -> Had an issue with setting scaling factors for variable "agent_id". No big deal.
(    2.56 sec) DataSet                  : DEBUG           -> Had an issue with setting scaling factors for variable "unit_type". No big deal.
(    2.56 sec) DataSet                  : DEBUG           -> Had an issue with setting scaling factors for variable "prefix". No big deal.
(    2.56 sec) DataSet                  : DEBUG           -> Printing data from "grid" to CSV: "samples.csv"
(    2.56 sec) DataSet                  : DEBUG           -> Printing metadata XML: "samples.xml"
(    2.57 sec) STEP MULTIRUN            : DEBUG           -> Just collected job 4 and sent to output "samples"
(    2.57 sec) STEP MULTIRUN            : DEBUG           -> Testing if the sampler is ready to generate a new input
(    2.57 sec) SAMPLER GRID             : DEBUG           -> Sampling limit reached! No new samples ...
(    2.57 sec) STEP MULTIRUN            : DEBUG           ->  ... sampler has no new inputs currently.
(    2.57 sec) SAMPLER GRID             : DEBUG           -> Sampling limit reached! No new samples ...
(    2.57 sec) STEP MULTIRUN            : DEBUG           -> Sampling finished with 4 runs submitted, 0 jobs running, and 0 completed jobs waiting to be processed.
(    2.57 sec) SAMPLER GRID             : DEBUG           -> ===============
(    2.57 sec) SAMPLER GRID             : DEBUG           -> | RUN SUMMARY |
(    2.57 sec) SAMPLER GRID             : DEBUG           -> ===============
(    2.57 sec) SAMPLER GRID             : DEBUG           -> All runs completed without returning errors.
(    2.57 sec) SAMPLER GRID             : DEBUG           -> ===============
(    2.57 sec) SAMPLER GRID             : DEBUG           ->   END SUMMARY  
(    2.57 sec) SAMPLER GRID             : DEBUG           -> ===============
(    2.57 sec) STEP MULTIRUN            : Message         -> ***       Run finished        ***
(    2.57 sec) STEP MULTIRUN            : Message         -> ***     Closing the step      ***
(    2.57 sec) STEP MULTIRUN            : Message         -> ***        Step closed        ***
(    2.57 sec) SIMULATION               : Message         -> -- End step sweep of type: MultiRun --

--------------------------------------------------
There were 2 warnings during the simulation run:
(1 time) "text" nodes only accept "type" and "arg" attributes! Ignoring "delimiter"...
(1 time) The calculation run directory /mnt/c/Users/WHITSR3/source/repos/_INL_Projects/raven/tests/framework/CodeInterfaceTests/abcesetting/sweep already exists. Files present in this directory may be replaced, and error handling may not occur as expected.
--------------------------------------------------
(    2.57 sec) SIMULATION               : DEBUG           -> Mon Sep 11 15:01:50 2023
(    2.57 sec) SIMULATION               : Message         -> Run complete!




DIFF in tests/framework/CodeInterfaceTests/abcesetting/samples.csv: 
  Gold file does not exist:tests/framework/CodeInterfaceTests/gold/abcesetting/samples.csv
(1F1/1) [91mDiff   [0m([94m 10.13sec[0m)[93mtests/framework/CodeInterfaceTests/s_whitmoreTest[0m
[91mFAILED:
Diff tests/framework/CodeInterfaceTests/s_whitmoreTest
[0m
PASSED: [92m0[0m
SKIPPED: [90m0[0m
FAILED: [91m1[0m
